[debug] [2022-02-10T14:19:14.756Z] ----------------------------------------------------------------------
[debug] [2022-02-10T14:19:14.759Z] Command:       C:\Program Files\nodejs\node.exe C:\Users\51960\AppData\Roaming\npm\node_modules\firebase-tools\lib\bin\firebase.js init
[debug] [2022-02-10T14:19:14.760Z] CLI Version:   10.1.5
[debug] [2022-02-10T14:19:14.760Z] Platform:      win32
[debug] [2022-02-10T14:19:14.761Z] Node Version:  v16.13.0
[debug] [2022-02-10T14:19:14.763Z] Time:          Thu Feb 10 2022 09:19:14 GMT-0500 (hora estándar de Colombia)
[debug] [2022-02-10T14:19:14.763Z] ----------------------------------------------------------------------
[debug] 
[debug] [2022-02-10T14:19:14.912Z] > command requires scopes: ["email","openid","https://www.googleapis.com/auth/cloudplatformprojects.readonly","https://www.googleapis.com/auth/firebase","https://www.googleapis.com/auth/cloud-platform"]
[debug] [2022-02-10T14:19:14.913Z] > authorizing via signed-in user (henostroza.andrea@gmail.com)
[info] 
     ######## #### ########  ######## ########     ###     ######  ########
     ##        ##  ##     ## ##       ##     ##  ##   ##  ##       ##
     ######    ##  ########  ######   ########  #########  ######  ######
     ##        ##  ##    ##  ##       ##     ## ##     ##       ## ##
     ##       #### ##     ## ######## ########  ##     ##  ######  ########

You're about to initialize a Firebase project in this directory:

  C:\Users\51960\Desktop\Burger Queen\LIM016-burger-queen

Before we get started, keep in mind:

  * You are initializing within an existing Firebase project directory

